<?xml version="1.0" encoding="UTF-8"?>
<!-- Generated by org.testng.reporters.JUnitReportReporter -->
<testsuite hostname="DESKTOP-S175QS1" failures="0" tests="6" name="resolver.testcases.qe_IndexTestCase" time="37.475" errors="0" timestamp="2022-03-17T14:37:41 GMT-04:00" skipped="0">
  <testcase classname="resolver.testcases.qe_IndexTestCase" name="Test4" time="4.251"/>
  <system-out/>
  <testcase classname="resolver.testcases.qe_IndexTestCase" name="Test2" time="4.310"/>
  <system-out/>
  <testcase classname="resolver.testcases.qe_IndexTestCase" name="Test5" time="13.774"/>
  <system-out/>
  <testcase classname="resolver.testcases.qe_IndexTestCase" name="Test1" time="6.403"/>
  <system-out/>
  <testcase classname="resolver.testcases.qe_IndexTestCase" name="Test3" time="4.395"/>
  <system-out/>
  <testcase classname="resolver.testcases.qe_IndexTestCase" name="Test6" time="4.342"/>
  <system-out/>
</testsuite> <!-- resolver.testcases.qe_IndexTestCase -->
